C:\USERS\ZUZU\DESKTOP\זהר\אפקה\שנה ג\סמסטר קיץ\C++\פרוייקט\OTHERSTUDENTSIMPL\ZOO_MANAGMENT_SYSTEM\ZOO_MANAGMENT_SYSTEM\DEBUG\AREA.OBJ
C:\USERS\ZUZU\DESKTOP\זהר\אפקה\שנה ג\סמסטר קיץ\C++\פרוייקט\OTHERSTUDENTSIMPL\ZOO_MANAGMENT_SYSTEM\ZOO_MANAGMENT_SYSTEM\DEBUG\AREAMANAGER.OBJ
C:\USERS\ZUZU\DESKTOP\זהר\אפקה\שנה ג\סמסטר קיץ\C++\פרוייקט\OTHERSTUDENTSIMPL\ZOO_MANAGMENT_SYSTEM\ZOO_MANAGMENT_SYSTEM\DEBUG\KEEPER.OBJ
C:\USERS\ZUZU\DESKTOP\זהר\אפקה\שנה ג\סמסטר קיץ\C++\פרוייקט\OTHERSTUDENTSIMPL\ZOO_MANAGMENT_SYSTEM\ZOO_MANAGMENT_SYSTEM\DEBUG\MAIN.OBJ
C:\USERS\ZUZU\DESKTOP\זהר\אפקה\שנה ג\סמסטר קיץ\C++\פרוייקט\OTHERSTUDENTSIMPL\ZOO_MANAGMENT_SYSTEM\ZOO_MANAGMENT_SYSTEM\DEBUG\MAINTENANCEWORKER.OBJ
C:\USERS\ZUZU\DESKTOP\זהר\אפקה\שנה ג\סמסטר קיץ\C++\פרוייקט\OTHERSTUDENTSIMPL\ZOO_MANAGMENT_SYSTEM\ZOO_MANAGMENT_SYSTEM\DEBUG\VETERINARIAN.OBJ
C:\USERS\ZUZU\DESKTOP\זהר\אפקה\שנה ג\סמסטר קיץ\C++\פרוייקט\OTHERSTUDENTSIMPL\ZOO_MANAGMENT_SYSTEM\ZOO_MANAGMENT_SYSTEM\DEBUG\WORKER.OBJ
C:\USERS\ZUZU\DESKTOP\זהר\אפקה\שנה ג\סמסטר קיץ\C++\פרוייקט\OTHERSTUDENTSIMPL\ZOO_MANAGMENT_SYSTEM\ZOO_MANAGMENT_SYSTEM\DEBUG\ZOO.OBJ
C:\USERS\ZUZU\DESKTOP\זהר\אפקה\שנה ג\סמסטר קיץ\C++\פרוייקט\OTHERSTUDENTSIMPL\ZOO_MANAGMENT_SYSTEM\ZOO_MANAGMENT_SYSTEM\DEBUG\VC110.PDB
C:\USERS\ZUZU\DESKTOP\זהר\אפקה\שנה ג\סמסטר קיץ\C++\פרוייקט\OTHERSTUDENTSIMPL\ZOO_MANAGMENT_SYSTEM\ZOO_MANAGMENT_SYSTEM\DEBUG\ANIMAL.OBJ
C:\USERS\ZUZU\DESKTOP\זהר\אפקה\שנה ג\סמסטר קיץ\C++\פרוייקט\OTHERSTUDENTSIMPL\ZOO_MANAGMENT_SYSTEM\ZOO_MANAGMENT_SYSTEM\DEBUG\HORSE.OBJ
C:\USERS\ZUZU\DESKTOP\זהר\אפקה\שנה ג\סמסטר קיץ\C++\פרוייקט\OTHERSTUDENTSIMPL\ZOO_MANAGMENT_SYSTEM\ZOO_MANAGMENT_SYSTEM\DEBUG\ELEPHANT.OBJ
C:\USERS\ZUZU\DESKTOP\זהר\אפקה\שנה ג\סמסטר קיץ\C++\פרוייקט\OTHERSTUDENTSIMPL\ZOO_MANAGMENT_SYSTEM\ZOO_MANAGMENT_SYSTEM\DEBUG\ZEBROID.OBJ
C:\USERS\ZUZU\DESKTOP\זהר\אפקה\שנה ג\סמסטר קיץ\C++\פרוייקט\OTHERSTUDENTSIMPL\ZOO_MANAGMENT_SYSTEM\ZOO_MANAGMENT_SYSTEM\DEBUG\GIRAFFE.OBJ
C:\USERS\ZUZU\DESKTOP\זהר\אפקה\שנה ג\סמסטר קיץ\C++\פרוייקט\OTHERSTUDENTSIMPL\ZOO_MANAGMENT_SYSTEM\ZOO_MANAGMENT_SYSTEM\DEBUG\LION.OBJ
C:\USERS\ZUZU\DESKTOP\זהר\אפקה\שנה ג\סמסטר קיץ\C++\פרוייקט\OTHERSTUDENTSIMPL\ZOO_MANAGMENT_SYSTEM\ZOO_MANAGMENT_SYSTEM\DEBUG\PENGUIN.OBJ
C:\USERS\ZUZU\DESKTOP\זהר\אפקה\שנה ג\סמסטר קיץ\C++\פרוייקט\OTHERSTUDENTSIMPL\ZOO_MANAGMENT_SYSTEM\ZOO_MANAGMENT_SYSTEM\DEBUG\ZEBRA.OBJ
C:\USERS\ZUZU\DESKTOP\זהר\אפקה\שנה ג\סמסטר קיץ\C++\פרוייקט\OTHERSTUDENTSIMPL\ZOO_MANAGMENT_SYSTEM\DEBUG\ZOO_MANAGMENT_SYSTEM.ILK
C:\USERS\ZUZU\DESKTOP\זהר\אפקה\שנה ג\סמסטר קיץ\C++\פרוייקט\OTHERSTUDENTSIMPL\ZOO_MANAGMENT_SYSTEM\DEBUG\ZOO_MANAGMENT_SYSTEM.EXE
C:\USERS\ZUZU\DESKTOP\זהר\אפקה\שנה ג\סמסטר קיץ\C++\פרוייקט\OTHERSTUDENTSIMPL\ZOO_MANAGMENT_SYSTEM\DEBUG\ZOO_MANAGMENT_SYSTEM.PDB
C:\Users\Zuzu\Desktop\זהר\אפקה\שנה ג\סמסטר קיץ\C++\פרוייקט\OtherStudentsImpl\Zoo_Managment_System\Zoo_Managment_System\Debug\Animal.obj
C:\Users\Zuzu\Desktop\זהר\אפקה\שנה ג\סמסטר קיץ\C++\פרוייקט\OtherStudentsImpl\Zoo_Managment_System\Zoo_Managment_System\Debug\Area.obj
C:\Users\Zuzu\Desktop\זהר\אפקה\שנה ג\סמסטר קיץ\C++\פרוייקט\OtherStudentsImpl\Zoo_Managment_System\Zoo_Managment_System\Debug\AreaManager.obj
C:\Users\Zuzu\Desktop\זהר\אפקה\שנה ג\סמסטר קיץ\C++\פרוייקט\OtherStudentsImpl\Zoo_Managment_System\Zoo_Managment_System\Debug\Elephant.obj
C:\Users\Zuzu\Desktop\זהר\אפקה\שנה ג\סמסטר קיץ\C++\פרוייקט\OtherStudentsImpl\Zoo_Managment_System\Zoo_Managment_System\Debug\Giraffe.obj
C:\Users\Zuzu\Desktop\זהר\אפקה\שנה ג\סמסטר קיץ\C++\פרוייקט\OtherStudentsImpl\Zoo_Managment_System\Zoo_Managment_System\Debug\Horse.obj
C:\Users\Zuzu\Desktop\זהר\אפקה\שנה ג\סמסטר קיץ\C++\פרוייקט\OtherStudentsImpl\Zoo_Managment_System\Zoo_Managment_System\Debug\Keeper.obj
C:\Users\Zuzu\Desktop\זהר\אפקה\שנה ג\סמסטר קיץ\C++\פרוייקט\OtherStudentsImpl\Zoo_Managment_System\Zoo_Managment_System\Debug\Lion.obj
C:\Users\Zuzu\Desktop\זהר\אפקה\שנה ג\סמסטר קיץ\C++\פרוייקט\OtherStudentsImpl\Zoo_Managment_System\Zoo_Managment_System\Debug\main.obj
C:\Users\Zuzu\Desktop\זהר\אפקה\שנה ג\סמסטר קיץ\C++\פרוייקט\OtherStudentsImpl\Zoo_Managment_System\Zoo_Managment_System\Debug\MaintenanceWorker.obj
C:\Users\Zuzu\Desktop\זהר\אפקה\שנה ג\סמסטר קיץ\C++\פרוייקט\OtherStudentsImpl\Zoo_Managment_System\Zoo_Managment_System\Debug\Penguin.obj
C:\Users\Zuzu\Desktop\זהר\אפקה\שנה ג\סמסטר קיץ\C++\פרוייקט\OtherStudentsImpl\Zoo_Managment_System\Zoo_Managment_System\Debug\Veterinarian.obj
C:\Users\Zuzu\Desktop\זהר\אפקה\שנה ג\סמסטר קיץ\C++\פרוייקט\OtherStudentsImpl\Zoo_Managment_System\Zoo_Managment_System\Debug\Worker.obj
C:\Users\Zuzu\Desktop\זהר\אפקה\שנה ג\סמסטר קיץ\C++\פרוייקט\OtherStudentsImpl\Zoo_Managment_System\Zoo_Managment_System\Debug\Zebra.obj
C:\Users\Zuzu\Desktop\זהר\אפקה\שנה ג\סמסטר קיץ\C++\פרוייקט\OtherStudentsImpl\Zoo_Managment_System\Zoo_Managment_System\Debug\Zebroid.obj
C:\Users\Zuzu\Desktop\זהר\אפקה\שנה ג\סמסטר קיץ\C++\פרוייקט\OtherStudentsImpl\Zoo_Managment_System\Zoo_Managment_System\Debug\Zoo.obj
C:\Users\Zuzu\Desktop\זהר\אפקה\שנה ג\סמסטר קיץ\C++\פרוייקט\OtherStudentsImpl\Zoo_Managment_System\Zoo_Managment_System\Debug\cl.command.1.tlog
C:\Users\Zuzu\Desktop\זהר\אפקה\שנה ג\סמסטר קיץ\C++\פרוייקט\OtherStudentsImpl\Zoo_Managment_System\Zoo_Managment_System\Debug\CL.read.1.tlog
C:\Users\Zuzu\Desktop\זהר\אפקה\שנה ג\סמסטר קיץ\C++\פרוייקט\OtherStudentsImpl\Zoo_Managment_System\Zoo_Managment_System\Debug\CL.write.1.tlog
C:\Users\Zuzu\Desktop\זהר\אפקה\שנה ג\סמסטר קיץ\C++\פרוייקט\OtherStudentsImpl\Zoo_Managment_System\Zoo_Managment_System\Debug\link-cvtres.read.1.tlog
C:\Users\Zuzu\Desktop\זהר\אפקה\שנה ג\סמסטר קיץ\C++\פרוייקט\OtherStudentsImpl\Zoo_Managment_System\Zoo_Managment_System\Debug\link-cvtres.write.1.tlog
C:\Users\Zuzu\Desktop\זהר\אפקה\שנה ג\סמסטר קיץ\C++\פרוייקט\OtherStudentsImpl\Zoo_Managment_System\Zoo_Managment_System\Debug\link-rc.read.1.tlog
C:\Users\Zuzu\Desktop\זהר\אפקה\שנה ג\סמסטר קיץ\C++\פרוייקט\OtherStudentsImpl\Zoo_Managment_System\Zoo_Managment_System\Debug\link-rc.write.1.tlog
C:\Users\Zuzu\Desktop\זהר\אפקה\שנה ג\סמסטר קיץ\C++\פרוייקט\OtherStudentsImpl\Zoo_Managment_System\Zoo_Managment_System\Debug\link.command.1.tlog
C:\Users\Zuzu\Desktop\זהר\אפקה\שנה ג\סמסטר קיץ\C++\פרוייקט\OtherStudentsImpl\Zoo_Managment_System\Zoo_Managment_System\Debug\link.read.1.tlog
C:\Users\Zuzu\Desktop\זהר\אפקה\שנה ג\סמסטר קיץ\C++\פרוייקט\OtherStudentsImpl\Zoo_Managment_System\Zoo_Managment_System\Debug\link.write.1.tlog
C:\Users\Zuzu\Desktop\זהר\אפקה\שנה ג\סמסטר קיץ\C++\פרוייקט\OtherStudentsImpl\Zoo_Managment_System\Zoo_Managment_System\Debug\vc110.idb
C:\Users\Zuzu\Desktop\זהר\אפקה\שנה ג\סמסטר קיץ\C++\פרוייקט\OtherStudentsImpl\Zoo_Managment_System\Zoo_Managment_System\Debug\vc110.pdb
C:\Users\Zuzu\Desktop\זהר\אפקה\שנה ג\סמסטר קיץ\C++\פרוייקט\OtherStudentsImpl\Zoo_Managment_System\Debug\Zoo_Managment_System.pdb
C:\Users\Zuzu\Desktop\זהר\אפקה\שנה ג\סמסטר קיץ\C++\פרוייקט\OtherStudentsImpl\Zoo_Managment_System\Debug\Zoo_Managment_System.exe
C:\Users\Zuzu\Desktop\זהר\אפקה\שנה ג\סמסטר קיץ\C++\פרוייקט\OtherStudentsImpl\Zoo_Managment_System\Debug\Zoo_Managment_System.ilk
